1  23.60486984252930
2  24.07825469970703
3  24.52142333984375
4  12.47527694702148
5  10.65224075317383
6  21.69118499755859
7  22.44658660888672
8  22.49694824218750
9  24.05811309814453
10  23.25234985351562
11  20.48254013061523
12  22.16456985473633
13  23.05091094970703
14  21.45952987670898
15  24.17897796630859
18  11.85000000000000
19  4.300000000000000
20  6.130000000000000
21  5.760000000000000
22  2.030000000000000
23  3.580000000000000
24  12.02000000000000
25  5.110000000000000
26  5.880000000000000
27  11.17000000000000
28  2.520000000000000
