1  20.48254013061523
2  20.90556716918945
3  20.77463150024414
4  12.81772613525391
5  11.01483154296875
6  20.64369583129883
7  20.24081420898438
8  20.80484771728516
9  21.34873580932617
10  20.58326339721680
11  17.44078826904297
12  20.03937149047852
13  20.66383743286133
14  20.48254013061523
15  24.17897796630859
18  11.85000000000000
19  4.570000000000000
20  6.070000000000000
21  6.000000000000000
22  5.420000000000000
23  3.830000000000000
24  12.22000000000000
25  5.110000000000000
26  6.030000000000000
27  11.53000000000000
28  4.900000000000000
1  20.50268554687500
2  20.90556716918945
3  20.80484771728516
4  12.81772613525391
5  11.08533859252930
6  20.64369583129883
7  20.28110122680664
8  20.80484771728516
9  21.35880661010742
10  20.58326339721680
11  18.02496719360352
12  20.01922988891602
13  20.65376663208008
14  20.52283096313477
15  24.17897796630859
18  11.85000000000000
19  3.880000000000000
20  6.090000000000000
21  6.320000000000000
22  6.050000000000000
23  4.050000000000000
24  12.22000000000000
25  5.030000000000000
26  6.520000000000000
27  11.53000000000000
28  5.190000000000000
