1  48.63874816894531
2  46.75253295898438
3  47.25308227539062
4  45.55609893798828
5  52.03647232055664
6  48.88291931152344
7  49.98168563842773
8  48.02222061157227
9  45.78195571899414
10  47.82077789306641
11  56.86700439453125
12  47.50335693359375
13  44.56110382080078
14  47.50335693359375
15  36.37528991699219
18  0.000000000000000
19  <null>
20  <null>
21  <null>
22  <null>
23  <null>
24  <null>
25  <null>
26  <null>
27  <null>
28  <null>
1  48.56549835205078
2  46.75253295898438
3  46.88072204589844
4  45.55609893798828
5  54.52247238159180
6  48.63874816894531
7  49.51776504516602
8  48.02222061157227
9  45.45843124389648
10  47.82077789306641
11  54.45389556884766
12  47.43010711669922
13  44.56110382080078
14  47.08216476440430
15  36.37528991699219
18  0.000000000000000
19  <null>
20  <null>
21  <null>
22  <null>
23  <null>
24  <null>
25  <null>
26  <null>
27  <null>
28  <null>
